<?xml version="1.0" encoding="UTF-8"?>
<!-- Generated by org.testng.reporters.JUnitReportReporter -->
<testsuite hostname="LAPTOP-KG4G2VU7" failures="0" tests="1" name="TestPage.POM" time="7.914" errors="0" timestamp="2024-01-21T22:19:53 IST" skipped="0">
  <testcase classname="TestPage.POM" name="verifyamazon" time="7.914"/>
</testsuite> <!-- TestPage.POM -->
