<?xml version="1.0" encoding="UTF-8"?>
<!-- Generated by org.testng.reporters.JUnitReportReporter -->
<testsuite hostname="LAPTOP-KG4G2VU7" failures="0" tests="1" name="PageFile.amazonHomePage" time="4.239" errors="0" timestamp="2024-01-20T17:36:00 IST" skipped="0">
  <testcase classname="PageFile.amazonHomePage" name="SetUp" time="4.239"/>
</testsuite> <!-- PageFile.amazonHomePage -->
