<?xml version="1.0" encoding="UTF-8"?>
<!-- Generated by org.testng.reporters.JUnitReportReporter -->
<testsuite hostname="LAPTOP-KG4G2VU7" failures="0" tests="2" name="TestPage.Automation_Test_AmazonIN" time="5.283" errors="0" timestamp="2024-01-20T22:34:52 IST" skipped="0">
  <testcase classname="TestPage.Automation_Test_AmazonIN" name="verifyHomePage" time="0.065"/>
  <testcase classname="TestPage.Automation_Test_AmazonIN" name="setUp" time="5.218"/>
</testsuite> <!-- TestPage.Automation_Test_AmazonIN -->
